<?xml version="1.0" encoding="UTF-8"?>
<testng-results ignored="0" total="3" passed="3" failed="0" skipped="0">
  <reporter-output>
    <line>
      <![CDATA[<a href='C:\Users\faith\git\ITHEALTH.RepoCSVmongoTables\MyfirstMavenProjectIT\target\surefire-reports-20210719125429\images\onStart160745.png'> <img src='C:\Users\faith\git\ITHEALTH.RepoCSVmongoTables\MyfirstMavenProjectIT\target\surefire-reports-20210719125429\images\onStart160745.png' height='200' width='200'/> </a>]]>
    </line>
    <line>
      <![CDATA[<a href='C:\Users\faith\git\ITHEALTH.RepoCSVmongoTables\MyfirstMavenProjectIT\target\surefire-reports-20210719125429\images\onTestStart160747.png'> <img src='C:\Users\faith\git\ITHEALTH.RepoCSVmongoTables\MyfirstMavenProjectIT\target\surefire-reports-20210719125429\images\onTestStart160747.png' height='200' width='200'/> </a>]]>
    </line>
    <line>
      <![CDATA[<a href='C:\Users\faith\git\ITHEALTH.RepoCSVmongoTables\MyfirstMavenProjectIT\target\surefire-reports-20210719125429\images\onTestSuccess160801.png'> <img src='C:\Users\faith\git\ITHEALTH.RepoCSVmongoTables\MyfirstMavenProjectIT\target\surefire-reports-20210719125429\images\onTestSuccess160801.png' height='200' width='200'/> </a>]]>
    </line>
    <line>
      <![CDATA[<a href='C:\Users\faith\git\ITHEALTH.RepoCSVmongoTables\MyfirstMavenProjectIT\target\surefire-reports-20210719125429\images\onTestStart160802.png'> <img src='C:\Users\faith\git\ITHEALTH.RepoCSVmongoTables\MyfirstMavenProjectIT\target\surefire-reports-20210719125429\images\onTestStart160802.png' height='200' width='200'/> </a>]]>
    </line>
    <line>
      <![CDATA[<a href='C:\Users\faith\git\ITHEALTH.RepoCSVmongoTables\MyfirstMavenProjectIT\target\surefire-reports-20210719125429\images\onTestSuccess160816.png'> <img src='C:\Users\faith\git\ITHEALTH.RepoCSVmongoTables\MyfirstMavenProjectIT\target\surefire-reports-20210719125429\images\onTestSuccess160816.png' height='200' width='200'/> </a>]]>
    </line>
    <line>
      <![CDATA[<a href='C:\Users\faith\git\ITHEALTH.RepoCSVmongoTables\MyfirstMavenProjectIT\target\surefire-reports-20210719125429\images\onTestStart160817.png'> <img src='C:\Users\faith\git\ITHEALTH.RepoCSVmongoTables\MyfirstMavenProjectIT\target\surefire-reports-20210719125429\images\onTestStart160817.png' height='200' width='200'/> </a>]]>
    </line>
    <line>
      <![CDATA[<a href='C:\Users\faith\git\ITHEALTH.RepoCSVmongoTables\MyfirstMavenProjectIT\target\surefire-reports-20210719125429\images\onTestSuccess160833.png'> <img src='C:\Users\faith\git\ITHEALTH.RepoCSVmongoTables\MyfirstMavenProjectIT\target\surefire-reports-20210719125429\images\onTestSuccess160833.png' height='200' width='200'/> </a>]]>
    </line>
  </reporter-output>
  <suite started-at="2021-07-19T16:07:45 SAST" name="FaithExamJuly2021" finished-at="2021-07-19T16:08:34 SAST" duration-ms="48326">
    <groups>
    </groups>
    <test started-at="2021-07-19T16:07:45 SAST" name="ChromeTest" finished-at="2021-07-19T16:08:34 SAST" duration-ms="48326">
      <class name="FaithExam.ExamTestScript">
        <test-method signature="TestExam(java.lang.String)[pri:0, instance:FaithExam.ExamTestScript@56aaaecd]" started-at="2021-07-19T16:07:47 SAST" name="TestExam" data-provider="testData" finished-at="2021-07-19T16:08:01 SAST" duration-ms="14702" status="PASS">
          <params>
            <param index="0">
              <value>
                <![CDATA[Dell]]>
              </value>
            </param>
          </params>
          <reporter-output>
            <line>
              <![CDATA[<a href='C:\Users\faith\git\ITHEALTH.RepoCSVmongoTables\MyfirstMavenProjectIT\target\surefire-reports-20210719125429\images\onTestStart160747.png'> <img src='C:\Users\faith\git\ITHEALTH.RepoCSVmongoTables\MyfirstMavenProjectIT\target\surefire-reports-20210719125429\images\onTestStart160747.png' height='200' width='200'/> </a>]]>
            </line>
            <line>
              <![CDATA[<a href='C:\Users\faith\git\ITHEALTH.RepoCSVmongoTables\MyfirstMavenProjectIT\target\surefire-reports-20210719125429\images\onTestSuccess160801.png'> <img src='C:\Users\faith\git\ITHEALTH.RepoCSVmongoTables\MyfirstMavenProjectIT\target\surefire-reports-20210719125429\images\onTestSuccess160801.png' height='200' width='200'/> </a>]]>
            </line>
          </reporter-output>
        </test-method> <!-- TestExam -->
        <test-method signature="TestExam(java.lang.String)[pri:0, instance:FaithExam.ExamTestScript@56aaaecd]" started-at="2021-07-19T16:08:02 SAST" name="TestExam" data-provider="testData" finished-at="2021-07-19T16:08:16 SAST" duration-ms="14590" status="PASS">
          <params>
            <param index="0">
              <value>
                <![CDATA[HP]]>
              </value>
            </param>
          </params>
          <reporter-output>
            <line>
              <![CDATA[<a href='C:\Users\faith\git\ITHEALTH.RepoCSVmongoTables\MyfirstMavenProjectIT\target\surefire-reports-20210719125429\images\onTestStart160802.png'> <img src='C:\Users\faith\git\ITHEALTH.RepoCSVmongoTables\MyfirstMavenProjectIT\target\surefire-reports-20210719125429\images\onTestStart160802.png' height='200' width='200'/> </a>]]>
            </line>
            <line>
              <![CDATA[<a href='C:\Users\faith\git\ITHEALTH.RepoCSVmongoTables\MyfirstMavenProjectIT\target\surefire-reports-20210719125429\images\onTestSuccess160816.png'> <img src='C:\Users\faith\git\ITHEALTH.RepoCSVmongoTables\MyfirstMavenProjectIT\target\surefire-reports-20210719125429\images\onTestSuccess160816.png' height='200' width='200'/> </a>]]>
            </line>
          </reporter-output>
        </test-method> <!-- TestExam -->
        <test-method signature="TestExam(java.lang.String)[pri:0, instance:FaithExam.ExamTestScript@56aaaecd]" started-at="2021-07-19T16:08:17 SAST" name="TestExam" data-provider="testData" finished-at="2021-07-19T16:08:33 SAST" duration-ms="16880" status="PASS">
          <params>
            <param index="0">
              <value>
                <![CDATA[BTI]]>
              </value>
            </param>
          </params>
          <reporter-output>
            <line>
              <![CDATA[<a href='C:\Users\faith\git\ITHEALTH.RepoCSVmongoTables\MyfirstMavenProjectIT\target\surefire-reports-20210719125429\images\onTestStart160817.png'> <img src='C:\Users\faith\git\ITHEALTH.RepoCSVmongoTables\MyfirstMavenProjectIT\target\surefire-reports-20210719125429\images\onTestStart160817.png' height='200' width='200'/> </a>]]>
            </line>
            <line>
              <![CDATA[<a href='C:\Users\faith\git\ITHEALTH.RepoCSVmongoTables\MyfirstMavenProjectIT\target\surefire-reports-20210719125429\images\onTestSuccess160833.png'> <img src='C:\Users\faith\git\ITHEALTH.RepoCSVmongoTables\MyfirstMavenProjectIT\target\surefire-reports-20210719125429\images\onTestSuccess160833.png' height='200' width='200'/> </a>]]>
            </line>
          </reporter-output>
        </test-method> <!-- TestExam -->
      </class> <!-- FaithExam.ExamTestScript -->
    </test> <!-- ChromeTest -->
  </suite> <!-- FaithExamJuly2021 -->
</testng-results>
