<?xml version="1.0" encoding="UTF-8"?>
<testng-results ignored="0" total="2" passed="2" failed="0" skipped="0">
  <reporter-output>
  </reporter-output>
  <suite started-at="2021-06-28T15:22:59 SAST" name="Default suite" finished-at="2021-06-28T15:23:09 SAST" duration-ms="10098">
    <groups>
    </groups>
    <test started-at="2021-06-28T15:22:59 SAST" name="Default test" finished-at="2021-06-28T15:23:09 SAST" duration-ms="10098">
      <class name="MercuryToursTests.Tests">
        <test-method signature="RegisterTest()[pri:0, instance:MercuryToursTests.Tests@333dd51e]" started-at="2021-06-28T15:22:59 SAST" name="RegisterTest" finished-at="2021-06-28T15:23:03 SAST" duration-ms="4071" status="PASS">
          <reporter-output>
          </reporter-output>
        </test-method> <!-- RegisterTest -->
        <test-method signature="SignIn()[pri:0, instance:MercuryToursTests.Tests@333dd51e]" started-at="2021-06-28T15:23:03 SAST" name="SignIn" finished-at="2021-06-28T15:23:09 SAST" duration-ms="5965" status="PASS">
          <reporter-output>
          </reporter-output>
        </test-method> <!-- SignIn -->
      </class> <!-- MercuryToursTests.Tests -->
    </test> <!-- Default test -->
  </suite> <!-- Default suite -->
</testng-results>
